<?xml version="1.0" encoding="UTF-8"?>
<!-- Generated by org.testng.reporters.JUnitReportReporter -->
<testsuite hostname="Evl-2586248" failures="0" tests="2" name="Tests.testNGParallelTestingDemo" time="0.001" errors="0" timestamp="2023-07-17T15:53:32 IST" skipped="2">
  <testcase classname="Tests.testNGParallelTestingDemo" name="test1" time="0.001">
    <skipped/>
  </testcase> <!-- test1 -->
  <testcase classname="Tests.testNGParallelTestingDemo" name="test2" time="0.000">
    <skipped/>
  </testcase> <!-- test2 -->
</testsuite> <!-- Tests.testNGParallelTestingDemo -->
